Jan-06-2023 14:16:32 [info] {"message":"text info"}
Jan-06-2023 14:16:32 [warn] {"message":"text warn"}
Jan-06-2023 14:16:32 [error] {"message":"text error"}
Jan-06-2023 14:17:41 [info] {"message":"text info"}
Jan-06-2023 14:17:41 [warn] {"message":"text warn"}
Jan-06-2023 14:17:41 [error] {"message":"text error"}
Jan-06-2023 17:24:18 [info] {"message":"text info"}
Jan-06-2023 17:24:18 [warn] {"message":"text warn"}
Jan-06-2023 17:24:18 [error] {"message":"text error"}
Jan-06-2023 17:27:09 [info] {"message":"text info"}
Jan-06-2023 17:27:09 [warn] {"message":"text warn"}
Jan-06-2023 17:27:09 [error] {"message":"text error"}
Jan-06-2023 17:28:46 [info] {"message":"text info"}
Jan-06-2023 17:28:46 [warn] {"message":"text warn"}
Jan-06-2023 17:28:46 [error] {"message":"text error"}
Jan-06-2023 17:53:29 [info] {"message":"text info"}
Jan-06-2023 17:53:29 [warn] {"message":"text warn"}
Jan-06-2023 17:53:29 [error] {"message":"text error"}
Jan-07-2023 11:19:12 [info] {"message":"text info"}
Jan-07-2023 11:19:12 [warn] {"message":"text warn"}
Jan-07-2023 11:19:12 [error] {"message":"text error"}
Jan-07-2023 11:38:16 [info] {"message":"text info"}
Jan-07-2023 11:38:16 [warn] {"message":"text warn"}
Jan-07-2023 11:38:16 [error] {"message":"text error"}
Jan-07-2023 11:39:06 [info] {"message":"text info"}
Jan-07-2023 11:39:06 [warn] {"message":"text warn"}
Jan-07-2023 11:39:06 [error] {"message":"text error"}
Jan-07-2023 11:48:57 [info] {"message":"text info"}
Jan-07-2023 11:48:57 [warn] {"message":"text warn"}
Jan-07-2023 11:48:57 [error] {"message":"text error"}
Jan-07-2023 11:50:29 [info] {"message":"text info"}
Jan-07-2023 11:50:29 [warn] {"message":"text warn"}
Jan-07-2023 11:50:29 [error] {"message":"text error"}
Jan-07-2023 11:51:51 [info] {"message":"text info"}
Jan-07-2023 11:51:51 [warn] {"message":"text warn"}
Jan-07-2023 11:51:51 [error] {"message":"text error"}
Jan-07-2023 11:53:52 [info] {"message":"text info"}
Jan-07-2023 11:53:52 [warn] {"message":"text warn"}
Jan-07-2023 11:53:52 [error] {"message":"text error"}
Jan-07-2023 11:58:25 [info] {"message":"text info"}
Jan-07-2023 11:58:25 [warn] {"message":"text warn"}
Jan-07-2023 11:58:25 [error] {"message":"text error"}
Jan-07-2023 12:00:41 [info] {"message":"text info"}
Jan-07-2023 12:00:41 [warn] {"message":"text warn"}
Jan-07-2023 12:00:41 [error] {"message":"text error"}
Jan-07-2023 21:23:54 [info] {"message":"text info"}
Jan-07-2023 21:23:54 [warn] {"message":"text warn"}
Jan-07-2023 21:23:54 [error] {"message":"text error"}
Jan-07-2023 21:24:42 [info] {"message":"text info"}
Jan-07-2023 21:24:42 [warn] {"message":"text warn"}
Jan-07-2023 21:24:42 [error] {"message":"text error"}
Jan-07-2023 21:26:17 [info] {"message":"text info"}
Jan-07-2023 21:26:17 [warn] {"message":"text warn"}
Jan-07-2023 21:26:17 [error] {"message":"text error"}
Jan-07-2023 21:29:08 [info] {"message":"text info"}
Jan-07-2023 21:29:08 [warn] {"message":"text warn"}
Jan-07-2023 21:29:08 [error] {"message":"text error"}
Jan-07-2023 21:47:11 [info] {"message":"text info"}
Jan-07-2023 21:47:11 [warn] {"message":"text warn"}
Jan-07-2023 21:47:11 [error] {"message":"text error"}
Jan-07-2023 21:49:12 [info] {"message":"text info"}
Jan-07-2023 21:49:12 [warn] {"message":"text warn"}
Jan-07-2023 21:49:12 [error] {"message":"text error"}
Jan-07-2023 21:50:48 [info] {"message":"text info"}
Jan-07-2023 21:50:48 [warn] {"message":"text warn"}
Jan-07-2023 21:50:48 [error] {"message":"text error"}
Jan-08-2023 19:36:44 [info] {"message":"text info"}
Jan-08-2023 19:36:44 [warn] {"message":"text warn"}
Jan-08-2023 19:36:44 [error] {"message":"text error"}
Jan-08-2023 19:46:28 [info] {"message":"text info"}
Jan-08-2023 19:46:28 [warn] {"message":"text warn"}
Jan-08-2023 19:46:28 [error] {"message":"text error"}
Jan-08-2023 20:54:34 [info] {"message":"text info"}
Jan-08-2023 20:54:34 [warn] {"message":"text warn"}
Jan-08-2023 20:54:34 [error] {"message":"text error"}
Jan-08-2023 20:58:15 [info] {"message":"text info"}
Jan-08-2023 20:58:15 [warn] {"message":"text warn"}
Jan-08-2023 20:58:15 [error] {"message":"text error"}
Jan-08-2023 20:58:58 [info] {"message":"text info"}
Jan-08-2023 20:58:58 [warn] {"message":"text warn"}
Jan-08-2023 20:58:58 [error] {"message":"text error"}
Jan-08-2023 21:00:02 [info] {"message":"text info"}
Jan-08-2023 21:00:02 [warn] {"message":"text warn"}
Jan-08-2023 21:00:02 [error] {"message":"text error"}
Jan-08-2023 21:06:15 [info] {"message":"text info"}
Jan-08-2023 21:06:15 [warn] {"message":"text warn"}
Jan-08-2023 21:06:15 [error] {"message":"text error"}
Jan-08-2023 21:07:38 [info] {"message":"text info"}
Jan-08-2023 21:07:38 [warn] {"message":"text warn"}
Jan-08-2023 21:07:38 [error] {"message":"text error"}
Jan-08-2023 21:08:26 [info] {"message":"text info"}
Jan-08-2023 21:08:26 [warn] {"message":"text warn"}
Jan-08-2023 21:08:26 [error] {"message":"text error"}
Jan-08-2023 21:09:44 [info] {"message":"text info"}
Jan-08-2023 21:09:44 [warn] {"message":"text warn"}
Jan-08-2023 21:09:44 [error] {"message":"text error"}
Jan-08-2023 21:20:18 [info] {"message":"text info"}
Jan-08-2023 21:20:18 [warn] {"message":"text warn"}
Jan-08-2023 21:20:18 [error] {"message":"text error"}
Jan-08-2023 21:21:22 [info] {"message":"text info"}
Jan-08-2023 21:21:22 [warn] {"message":"text warn"}
Jan-08-2023 21:21:22 [error] {"message":"text error"}
Jan-08-2023 21:23:25 [info] {"message":"text info"}
Jan-08-2023 21:23:25 [warn] {"message":"text warn"}
Jan-08-2023 21:23:25 [error] {"message":"text error"}
Jan-08-2023 21:25:45 [info] {"message":"text info"}
Jan-08-2023 21:25:45 [warn] {"message":"text warn"}
Jan-08-2023 21:25:45 [error] {"message":"text error"}
Jan-08-2023 21:38:53 [info] {"message":"text info"}
Jan-08-2023 21:38:53 [warn] {"message":"text warn"}
Jan-08-2023 21:38:53 [error] {"message":"text error"}
Jan-08-2023 21:41:55 [info] {"message":"text info"}
Jan-08-2023 21:41:55 [warn] {"message":"text warn"}
Jan-08-2023 21:41:55 [error] {"message":"text error"}
Jan-08-2023 21:44:01 [info] {"message":"text info"}
Jan-08-2023 21:44:01 [warn] {"message":"text warn"}
Jan-08-2023 21:44:01 [error] {"message":"text error"}
Jan-08-2023 21:59:39 [info] {"message":"text info"}
Jan-08-2023 21:59:39 [warn] {"message":"text warn"}
Jan-08-2023 21:59:39 [error] {"message":"text error"}
Jan-08-2023 22:00:43 [info] {"message":"text info"}
Jan-08-2023 22:00:43 [warn] {"message":"text warn"}
Jan-08-2023 22:00:43 [error] {"message":"text error"}
Jan-08-2023 22:01:15 [info] {"message":"text info"}
Jan-08-2023 22:01:15 [warn] {"message":"text warn"}
Jan-08-2023 22:01:15 [error] {"message":"text error"}
Jan-08-2023 22:01:44 [info] {"message":"text info"}
Jan-08-2023 22:01:44 [warn] {"message":"text warn"}
Jan-08-2023 22:01:44 [error] {"message":"text error"}
Jan-08-2023 22:02:21 [info] {"message":"text info"}
Jan-08-2023 22:02:21 [warn] {"message":"text warn"}
Jan-08-2023 22:02:21 [error] {"message":"text error"}
Jan-08-2023 22:02:40 [info] {"message":"text info"}
Jan-08-2023 22:02:40 [warn] {"message":"text warn"}
Jan-08-2023 22:02:40 [error] {"message":"text error"}
Jan-08-2023 22:04:25 [info] {"message":"text info"}
Jan-08-2023 22:04:25 [warn] {"message":"text warn"}
Jan-08-2023 22:04:25 [error] {"message":"text error"}
Jan-08-2023 22:24:30 [info] {"message":"text info"}
Jan-08-2023 22:24:30 [warn] {"message":"text warn"}
Jan-08-2023 22:24:30 [error] {"message":"text error"}
Jan-08-2023 22:33:41 [info] {"message":"text info"}
Jan-08-2023 22:33:41 [warn] {"message":"text warn"}
Jan-08-2023 22:33:41 [error] {"message":"text error"}
Jan-08-2023 22:36:29 [info] {"message":"text info"}
Jan-08-2023 22:36:29 [warn] {"message":"text warn"}
Jan-08-2023 22:36:29 [error] {"message":"text error"}
Jan-08-2023 22:37:57 [info] {"message":"text info"}
Jan-08-2023 22:37:57 [warn] {"message":"text warn"}
Jan-08-2023 22:37:57 [error] {"message":"text error"}
Jan-08-2023 22:40:23 [info] {"message":"text info"}
Jan-08-2023 22:40:23 [warn] {"message":"text warn"}
Jan-08-2023 22:40:23 [error] {"message":"text error"}
Jan-08-2023 22:55:33 [info] {"message":"text info"}
Jan-08-2023 22:55:33 [warn] {"message":"text warn"}
Jan-08-2023 22:55:33 [error] {"message":"text error"}
Jan-08-2023 22:56:01 [info] {"message":"text info"}
Jan-08-2023 22:56:01 [warn] {"message":"text warn"}
Jan-08-2023 22:56:01 [error] {"message":"text error"}
Jan-08-2023 22:57:31 [info] {"message":"text info"}
Jan-08-2023 22:57:31 [warn] {"message":"text warn"}
Jan-08-2023 22:57:31 [error] {"message":"text error"}
Jan-08-2023 22:58:58 [info] {"message":"text info"}
Jan-08-2023 22:58:58 [warn] {"message":"text warn"}
Jan-08-2023 22:58:58 [error] {"message":"text error"}
Jan-08-2023 23:01:27 [info] {"message":"text info"}
Jan-08-2023 23:01:27 [warn] {"message":"text warn"}
Jan-08-2023 23:01:27 [error] {"message":"text error"}
Jan-08-2023 23:04:21 [info] {"message":"text info"}
Jan-08-2023 23:04:21 [warn] {"message":"text warn"}
Jan-08-2023 23:04:21 [error] {"message":"text error"}
Jan-08-2023 23:06:28 [info] {"message":"text info"}
Jan-08-2023 23:06:28 [warn] {"message":"text warn"}
Jan-08-2023 23:06:28 [error] {"message":"text error"}
Jan-08-2023 23:09:11 [info] {"message":"text info"}
Jan-08-2023 23:09:11 [warn] {"message":"text warn"}
Jan-08-2023 23:09:11 [error] {"message":"text error"}
Jan-08-2023 23:13:01 [info] {"message":"text info"}
Jan-08-2023 23:13:01 [warn] {"message":"text warn"}
Jan-08-2023 23:13:01 [error] {"message":"text error"}
Jan-08-2023 23:14:07 [info] {"message":"text info"}
Jan-08-2023 23:14:07 [warn] {"message":"text warn"}
Jan-08-2023 23:14:07 [error] {"message":"text error"}
Jan-08-2023 23:18:24 [info] {"message":"text info"}
Jan-08-2023 23:18:24 [warn] {"message":"text warn"}
Jan-08-2023 23:18:24 [error] {"message":"text error"}
Jan-08-2023 23:18:55 [info] {"message":"text info"}
Jan-08-2023 23:18:55 [warn] {"message":"text warn"}
Jan-08-2023 23:18:55 [error] {"message":"text error"}
Jan-09-2023 00:19:05 [info] {"message":"text info"}
Jan-09-2023 00:19:05 [warn] {"message":"text warn"}
Jan-09-2023 00:19:05 [error] {"message":"text error"}
Jan-09-2023 00:23:48 [info] {"message":"text info"}
Jan-09-2023 00:23:48 [warn] {"message":"text warn"}
Jan-09-2023 00:23:48 [error] {"message":"text error"}
Jan-09-2023 00:33:08 [info] {"message":"text info"}
Jan-09-2023 00:33:08 [warn] {"message":"text warn"}
Jan-09-2023 00:33:08 [error] {"message":"text error"}
Jan-09-2023 00:44:55 [info] {"message":"text info"}
Jan-09-2023 00:44:55 [warn] {"message":"text warn"}
Jan-09-2023 00:44:55 [error] {"message":"text error"}
Jan-09-2023 00:46:21 [info] {"message":"text info"}
Jan-09-2023 00:46:21 [warn] {"message":"text warn"}
Jan-09-2023 00:46:21 [error] {"message":"text error"}
Jan-09-2023 00:47:22 [info] {"message":"text info"}
Jan-09-2023 00:47:22 [warn] {"message":"text warn"}
Jan-09-2023 00:47:22 [error] {"message":"text error"}
Jan-09-2023 00:48:15 [info] {"message":"text info"}
Jan-09-2023 00:48:15 [warn] {"message":"text warn"}
Jan-09-2023 00:48:15 [error] {"message":"text error"}
Jan-09-2023 00:49:34 [info] {"message":"text info"}
Jan-09-2023 00:49:34 [warn] {"message":"text warn"}
Jan-09-2023 00:49:34 [error] {"message":"text error"}
Jan-09-2023 00:50:23 [info] {"message":"text info"}
Jan-09-2023 00:50:23 [warn] {"message":"text warn"}
Jan-09-2023 00:50:23 [error] {"message":"text error"}
Jan-09-2023 00:58:03 [info] {"message":"text info"}
Jan-09-2023 00:58:03 [warn] {"message":"text warn"}
Jan-09-2023 00:58:03 [error] {"message":"text error"}
Jan-09-2023 01:01:56 [info] {"message":"text info"}
Jan-09-2023 01:01:56 [warn] {"message":"text warn"}
Jan-09-2023 01:01:56 [error] {"message":"text error"}
Jan-09-2023 01:04:06 [info] {"message":"text info"}
Jan-09-2023 01:04:06 [warn] {"message":"text warn"}
Jan-09-2023 01:04:06 [error] {"message":"text error"}
Jan-09-2023 01:07:49 [info] {"message":"text info"}
Jan-09-2023 01:07:49 [warn] {"message":"text warn"}
Jan-09-2023 01:07:49 [error] {"message":"text error"}
Jan-09-2023 01:08:36 [info] {"message":"text info"}
Jan-09-2023 01:08:36 [warn] {"message":"text warn"}
Jan-09-2023 01:08:36 [error] {"message":"text error"}
Jan-09-2023 01:51:31 [info] {"message":"text info"}
Jan-09-2023 01:51:31 [warn] {"message":"text warn"}
Jan-09-2023 01:51:31 [error] {"message":"text error"}
Jan-09-2023 11:20:28 [info] {"message":"text info"}
Jan-09-2023 11:20:28 [warn] {"message":"text warn"}
Jan-09-2023 11:20:28 [error] {"message":"text error"}
Jan-09-2023 17:26:10 [info] {"message":"text info"}
Jan-09-2023 17:26:10 [warn] {"message":"text warn"}
Jan-09-2023 17:26:10 [error] {"message":"text error"}
Jan-09-2023 17:29:19 [info] {"message":"text info"}
Jan-09-2023 17:29:19 [warn] {"message":"text warn"}
Jan-09-2023 17:29:19 [error] {"message":"text error"}
Jan-09-2023 17:34:45 [info] {"message":"text info"}
Jan-09-2023 17:34:45 [warn] {"message":"text warn"}
Jan-09-2023 17:34:45 [error] {"message":"text error"}
Jan-09-2023 17:36:29 [info] {"message":"text info"}
Jan-09-2023 17:36:29 [warn] {"message":"text warn"}
Jan-09-2023 17:36:29 [error] {"message":"text error"}
Jan-09-2023 17:40:23 [info] {"message":"text info"}
Jan-09-2023 17:40:23 [warn] {"message":"text warn"}
Jan-09-2023 17:40:23 [error] {"message":"text error"}
Jan-09-2023 17:41:53 [info] {"message":"text info"}
Jan-09-2023 17:41:53 [warn] {"message":"text warn"}
Jan-09-2023 17:41:53 [error] {"message":"text error"}
Jan-09-2023 17:44:56 [info] {"message":"text info"}
Jan-09-2023 17:44:56 [warn] {"message":"text warn"}
Jan-09-2023 17:44:56 [error] {"message":"text error"}
Jan-09-2023 17:50:06 [info] {"message":"text info"}
Jan-09-2023 17:50:06 [warn] {"message":"text warn"}
Jan-09-2023 17:50:06 [error] {"message":"text error"}
Jan-09-2023 17:52:01 [info] {"message":"text info"}
Jan-09-2023 17:52:01 [warn] {"message":"text warn"}
Jan-09-2023 17:52:01 [error] {"message":"text error"}
Jan-09-2023 17:53:53 [info] {"message":"text info"}
Jan-09-2023 17:53:53 [warn] {"message":"text warn"}
Jan-09-2023 17:53:53 [error] {"message":"text error"}
Jan-09-2023 17:54:42 [info] {"message":"text info"}
Jan-09-2023 17:54:42 [warn] {"message":"text warn"}
Jan-09-2023 17:54:42 [error] {"message":"text error"}
Jan-09-2023 17:56:15 [info] {"message":"text info"}
Jan-09-2023 17:56:15 [warn] {"message":"text warn"}
Jan-09-2023 17:56:15 [error] {"message":"text error"}
Jan-09-2023 17:56:43 [info] {"message":"text info"}
Jan-09-2023 17:56:43 [warn] {"message":"text warn"}
Jan-09-2023 17:56:43 [error] {"message":"text error"}
Jan-09-2023 17:57:22 [info] {"message":"text info"}
Jan-09-2023 17:57:22 [warn] {"message":"text warn"}
Jan-09-2023 17:57:22 [error] {"message":"text error"}
Jan-09-2023 18:01:13 [info] {"message":"text info"}
Jan-09-2023 18:01:13 [warn] {"message":"text warn"}
Jan-09-2023 18:01:13 [error] {"message":"text error"}
Jan-09-2023 18:02:26 [info] {"message":"text info"}
Jan-09-2023 18:02:26 [warn] {"message":"text warn"}
Jan-09-2023 18:02:26 [error] {"message":"text error"}
Jan-09-2023 18:04:18 [info] {"message":"text info"}
Jan-09-2023 18:04:18 [warn] {"message":"text warn"}
Jan-09-2023 18:04:18 [error] {"message":"text error"}
Jan-09-2023 18:05:28 [info] {"message":"text info"}
Jan-09-2023 18:05:28 [warn] {"message":"text warn"}
Jan-09-2023 18:05:28 [error] {"message":"text error"}
Jan-09-2023 18:06:06 [info] {"message":"text info"}
Jan-09-2023 18:06:06 [warn] {"message":"text warn"}
Jan-09-2023 18:06:06 [error] {"message":"text error"}
Jan-09-2023 18:09:22 [info] {"message":"text info"}
Jan-09-2023 18:09:22 [warn] {"message":"text warn"}
Jan-09-2023 18:09:22 [error] {"message":"text error"}
Jan-09-2023 18:11:22 [info] {"message":"text info"}
Jan-09-2023 18:11:22 [warn] {"message":"text warn"}
Jan-09-2023 18:11:22 [error] {"message":"text error"}
Jan-09-2023 18:11:56 [info] {"message":"text info"}
Jan-09-2023 18:11:56 [warn] {"message":"text warn"}
Jan-09-2023 18:11:56 [error] {"message":"text error"}
Jan-09-2023 18:13:31 [info] {"message":"text info"}
Jan-09-2023 18:13:31 [warn] {"message":"text warn"}
Jan-09-2023 18:13:31 [error] {"message":"text error"}
Jan-09-2023 18:16:21 [info] {"message":"text info"}
Jan-09-2023 18:16:21 [warn] {"message":"text warn"}
Jan-09-2023 18:16:21 [error] {"message":"text error"}
Jan-09-2023 18:16:23 [info] {"message":"text info"}
Jan-09-2023 18:16:23 [warn] {"message":"text warn"}
Jan-09-2023 18:16:23 [error] {"message":"text error"}
Jan-09-2023 18:16:34 [info] {"message":"text info"}
Jan-09-2023 18:16:34 [warn] {"message":"text warn"}
Jan-09-2023 18:16:34 [error] {"message":"text error"}
Jan-10-2023 09:59:51 [info] {"message":"text info"}
Jan-10-2023 09:59:51 [warn] {"message":"text warn"}
Jan-10-2023 09:59:51 [error] {"message":"text error"}
Jan-10-2023 10:07:27 [info] {"message":"text info"}
Jan-10-2023 10:07:27 [warn] {"message":"text warn"}
Jan-10-2023 10:07:27 [error] {"message":"text error"}
Jan-10-2023 10:13:38 [info] {"message":"text info"}
Jan-10-2023 10:13:38 [warn] {"message":"text warn"}
Jan-10-2023 10:13:38 [error] {"message":"text error"}
Jan-10-2023 10:15:10 [info] {"message":"text info"}
Jan-10-2023 10:15:10 [warn] {"message":"text warn"}
Jan-10-2023 10:15:10 [error] {"message":"text error"}
Jan-10-2023 10:16:43 [info] {"message":"text info"}
Jan-10-2023 10:16:43 [warn] {"message":"text warn"}
Jan-10-2023 10:16:43 [error] {"message":"text error"}
Jan-10-2023 10:19:05 [info] {"message":"text info"}
Jan-10-2023 10:19:05 [warn] {"message":"text warn"}
Jan-10-2023 10:19:05 [error] {"message":"text error"}
Jan-10-2023 10:22:31 [info] {"message":"text info"}
Jan-10-2023 10:22:31 [warn] {"message":"text warn"}
Jan-10-2023 10:22:31 [error] {"message":"text error"}
Jan-10-2023 10:24:30 [info] {"message":"text info"}
Jan-10-2023 10:24:30 [warn] {"message":"text warn"}
Jan-10-2023 10:24:30 [error] {"message":"text error"}
Jan-10-2023 10:25:56 [info] {"message":"text info"}
Jan-10-2023 10:25:56 [warn] {"message":"text warn"}
Jan-10-2023 10:25:56 [error] {"message":"text error"}
Jan-10-2023 10:28:08 [info] {"message":"text info"}
Jan-10-2023 10:28:08 [warn] {"message":"text warn"}
Jan-10-2023 10:28:08 [error] {"message":"text error"}
Jan-10-2023 10:28:54 [info] {"message":"text info"}
Jan-10-2023 10:28:54 [warn] {"message":"text warn"}
Jan-10-2023 10:28:54 [error] {"message":"text error"}
Jan-10-2023 10:29:48 [info] {"message":"text info"}
Jan-10-2023 10:29:48 [warn] {"message":"text warn"}
Jan-10-2023 10:29:48 [error] {"message":"text error"}
Jan-10-2023 10:30:19 [info] {"message":"text info"}
Jan-10-2023 10:30:19 [warn] {"message":"text warn"}
Jan-10-2023 10:30:19 [error] {"message":"text error"}
Jan-10-2023 10:32:13 [info] {"message":"text info"}
Jan-10-2023 10:32:13 [warn] {"message":"text warn"}
Jan-10-2023 10:32:13 [error] {"message":"text error"}
Jan-10-2023 10:44:00 [info] {"message":"text info"}
Jan-10-2023 10:44:00 [warn] {"message":"text warn"}
Jan-10-2023 10:44:00 [error] {"message":"text error"}
Jan-10-2023 10:51:51 [info] {"message":"text info"}
Jan-10-2023 10:51:51 [warn] {"message":"text warn"}
Jan-10-2023 10:51:51 [error] {"message":"text error"}
Jan-10-2023 10:54:17 [info] {"message":"text info"}
Jan-10-2023 10:54:17 [warn] {"message":"text warn"}
Jan-10-2023 10:54:17 [error] {"message":"text error"}
Jan-10-2023 11:00:59 [info] {"message":"text info"}
Jan-10-2023 11:00:59 [warn] {"message":"text warn"}
Jan-10-2023 11:00:59 [error] {"message":"text error"}
Jan-10-2023 11:02:32 [info] {"message":"text info"}
Jan-10-2023 11:02:32 [warn] {"message":"text warn"}
Jan-10-2023 11:02:32 [error] {"message":"text error"}
Jan-10-2023 11:12:06 [info] {"message":"text info"}
Jan-10-2023 11:12:06 [warn] {"message":"text warn"}
Jan-10-2023 11:12:06 [error] {"message":"text error"}
Jan-10-2023 11:14:41 [info] {"message":"text info"}
Jan-10-2023 11:14:41 [warn] {"message":"text warn"}
Jan-10-2023 11:14:41 [error] {"message":"text error"}
Jan-10-2023 11:19:00 [info] {"message":"text info"}
Jan-10-2023 11:19:00 [warn] {"message":"text warn"}
Jan-10-2023 11:19:00 [error] {"message":"text error"}
Jan-10-2023 11:20:05 [info] {"message":"text info"}
Jan-10-2023 11:20:05 [warn] {"message":"text warn"}
Jan-10-2023 11:20:05 [error] {"message":"text error"}
Jan-10-2023 11:20:28 [info] {"message":"text info"}
Jan-10-2023 11:20:28 [warn] {"message":"text warn"}
Jan-10-2023 11:20:28 [error] {"message":"text error"}
Jan-10-2023 11:21:53 [info] {"message":"text info"}
Jan-10-2023 11:21:53 [warn] {"message":"text warn"}
Jan-10-2023 11:21:53 [error] {"message":"text error"}
Jan-10-2023 11:29:11 [info] {"message":"text info"}
Jan-10-2023 11:29:11 [warn] {"message":"text warn"}
Jan-10-2023 11:29:11 [error] {"message":"text error"}
Jan-10-2023 11:32:02 [info] {"message":"text info"}
Jan-10-2023 11:32:02 [warn] {"message":"text warn"}
Jan-10-2023 11:32:02 [error] {"message":"text error"}
Jan-10-2023 11:34:30 [info] {"message":"text info"}
Jan-10-2023 11:34:30 [warn] {"message":"text warn"}
Jan-10-2023 11:34:30 [error] {"message":"text error"}
Jan-10-2023 11:37:57 [info] {"message":"text info"}
Jan-10-2023 11:37:57 [warn] {"message":"text warn"}
Jan-11-2023 12:00:20 [info] {"message":"localhost:3000/api/seller/forgetPassword - POST - ::1"}
Jan-11-2023 12:06:30 [info] {"message":"localhost:3000/api/seller/forgetPassword - POST - ::1"}
Jan-11-2023 12:07:37 [info] {"message":"localhost:3000/api/seller/forgetPassword - POST - ::1"}
Jan-11-2023 12:11:22 [info] {"message":"localhost:3000/api/seller/forgetPassword - POST - ::1"}
Jan-11-2023 14:49:54 [info] {"message":"localhost:3000/api/sller/forgetPasswordFunc - POST - ::1"}
>>>>>>> features/yatin/seller
Jan-12-2023 11:57:13 [info] {"message":"localhost:3000/api/sellerr/verifyChangedOtp - POST - ::1"}
Jan-13-2023 20:42:09 [error] {"message":"400 - Unexpected token } in JSON at position 14"}
Jan-13-2023 20:42:09 [error] {"message":"400 - Unexpected token } in JSON at position 14"}
Jan-16-2023 15:07:12 [error] {"message":"400 - Unexpected token \n in JSON at position 33"}
Jan-16-2023 15:07:12 [error] {"message":"400 - Unexpected token \n in JSON at position 33"}
Jan-17-2023 16:16:53 [info] http://localhost:3000/api/order/new - POST METHOD  
Jan-17-2023 16:17:40 [info] http://localhost:3000/api/order/new - POST METHOD  
Jan-17-2023 16:20:04 [error] 400 - Unexpected string in JSON at position 396 
Jan-17-2023 16:20:31 [info] http://localhost:3000/api/order/new - POST METHOD  
Jan-17-2023 16:22:01 [info] http://localhost:3000/api/order/new - POST METHOD  
Jan-17-2023 16:22:44 [info] http://localhost:3000/api/order/new - POST METHOD  
Jan-17-2023 16:23:22 [info] http://localhost:3000/api/order/new - POST METHOD  
Jan-17-2023 16:23:48 [info] http://localhost:3000/api/order/new - POST METHOD  
Jan-17-2023 16:43:29 [info] http://localhost:3000/api/order/allorders - GET METHOD  
Jan-17-2023 16:45:49 [info] http://localhost:3000/api/order/63c67e3c81fde7fbe30890c0 - DELETE METHOD  
Jan-17-2023 16:45:54 [info] http://localhost:3000/api/order/allorders - GET METHOD  
Jan-17-2023 16:54:13 [info] http://localhost:3000/api/order/new - POST METHOD  
Jan-18-2023 09:52:06 [info] http://localhost:3000/api/order/new - POST METHOD  
Jan-18-2023 09:52:38 [info] http://localhost:3000/api/order/new - POST METHOD  
Jan-18-2023 10:08:15 [info] http://localhost:3000/api/user/signin - POST METHOD  
Jan-18-2023 10:09:28 [info] http://localhost:3000/api/order/new - GET METHOD  
Jan-18-2023 10:27:58 [info] http://localhost:3000/api/order/new - POST METHOD  
Jan-18-2023 10:28:47 [info] http://localhost:3000/api/order/new - POST METHOD  
Jan-18-2023 10:30:04 [info] http://localhost:3000/api/user/signin - POST METHOD  
Jan-18-2023 10:31:58 [info] http://localhost:3000/api/user/signin - POST METHOD  
Jan-18-2023 10:32:29 [info] http://localhost:3000/api/order/new - POST METHOD  
Jan-18-2023 10:32:46 [info] http://localhost:3000/api/order/new - POST METHOD  
Jan-18-2023 10:39:30 [info] http://localhost:3000/api/order/new - POST METHOD  
Jan-18-2023 10:40:06 [info] http://localhost:3000/api/order/new - POST METHOD  
Jan-18-2023 10:41:02 [info] http://localhost:3000/api/order/new - POST METHOD  
Jan-18-2023 10:46:58 [info] http://localhost:3000/api/order/new - POST METHOD  
Jan-18-2023 10:47:22 [info] http://localhost:3000/api/user/signin - POST METHOD  
Jan-18-2023 10:48:26 [info] http://localhost:3000/api/order/new - POST METHOD  
Jan-18-2023 10:52:15 [info] http://localhost:3000/api/order/new - POST METHOD  
Jan-18-2023 10:55:31 [info] http://localhost:3000/api/order/new - POST METHOD  
Jan-18-2023 10:57:21 [info] http://localhost:3000/api/user/signin - POST METHOD  
Jan-18-2023 10:57:30 [info] http://localhost:3000/api/order/new - POST METHOD  
Jan-18-2023 10:58:50 [info] http://localhost:3000/api/order/new - POST METHOD  
Jan-18-2023 10:59:00 [info] http://localhost:3000/api/order/new - POST METHOD  
Jan-18-2023 10:59:28 [info] http://localhost:3000/api/order/new - POST METHOD  
Jan-18-2023 10:59:39 [info] http://localhost:3000/api/order/new - POST METHOD  
Jan-18-2023 11:00:17 [info] http://localhost:3000/api/order/new - POST METHOD  
Jan-18-2023 11:02:21 [info] http://localhost:3000/api/order/new - POST METHOD  
Jan-18-2023 11:06:35 [info] http://localhost:3000/api/order/new - POST METHOD  
Jan-18-2023 11:09:10 [info] http://localhost:3000/api/order/new - POST METHOD  
Jan-18-2023 11:10:12 [info] http://localhost:3000/api/order/new - POST METHOD  
Jan-18-2023 11:10:58 [info] http://localhost:3000/api/order/new - POST METHOD  
Jan-18-2023 11:29:17 [info] http://localhost:3000/api/order/new - POST METHOD  
Jan-18-2023 11:30:05 [info] http://localhost:3000/api/order/new - POST METHOD  
Jan-18-2023 11:31:35 [info] http://localhost:3000/api/order/new - POST METHOD  
Jan-18-2023 11:34:44 [info] http://localhost:3000/api/order/new - POST METHOD  
Jan-18-2023 11:37:56 [info] http://localhost:3000/api/order/new - POST METHOD  
Jan-18-2023 11:39:22 [info] http://localhost:3000/api/order/new - POST METHOD  
Jan-18-2023 11:40:45 [info] http://localhost:3000/api/order/new - POST METHOD  
Jan-18-2023 11:43:01 [info] http://localhost:3000/api/order/new - POST METHOD  
Jan-18-2023 11:43:47 [info] http://localhost:3000/api/order/new - POST METHOD  
Jan-18-2023 11:44:29 [info] http://localhost:3000/api/order/new - POST METHOD  
Jan-18-2023 11:45:25 [info] http://localhost:3000/api/order/new - POST METHOD  
Jan-18-2023 11:45:50 [info] http://localhost:3000/api/order/new - POST METHOD  
Jan-18-2023 11:47:06 [info] http://localhost:3000/api/order/new - POST METHOD  
Jan-18-2023 11:51:58 [info] http://localhost:3000/api/order/new - POST METHOD  
Jan-18-2023 11:53:19 [info] http://localhost:3000/api/order/new - POST METHOD  
Jan-18-2023 11:55:26 [info] http://localhost:3000/api/order/new - POST METHOD  
Jan-18-2023 12:10:15 [info] http://localhost:3000/api/order/new - POST METHOD  
Jan-18-2023 12:10:58 [info] http://localhost:3000/api/order/new - POST METHOD  
Jan-18-2023 12:13:59 [info] http://localhost:3000/api/order/new - POST METHOD  
Jan-18-2023 12:17:22 [info] http://localhost:3000/api/order/new - POST METHOD  
Jan-18-2023 12:17:59 [info] http://localhost:3000/api/order/new - POST METHOD  
Jan-18-2023 12:19:25 [info] http://localhost:3000/api/order/new - POST METHOD  
Jan-18-2023 12:20:40 [info] http://localhost:3000/api/order/new - POST METHOD  
Jan-18-2023 12:22:31 [info] http://localhost:3000/api/user/signin - POST METHOD  
Jan-18-2023 12:22:54 [info] http://localhost:3000/api/order/new - POST METHOD  
Jan-18-2023 12:23:17 [info] http://localhost:3000/api/order/new - POST METHOD  
Jan-18-2023 12:23:43 [info] http://localhost:3000/api/order/new - POST METHOD  
Jan-18-2023 12:24:09 [info] http://localhost:3000/api/order/new - POST METHOD  
Jan-18-2023 12:24:37 [info] http://localhost:3000/api/order/new - POST METHOD  
Jan-18-2023 12:25:49 [info] http://localhost:3000/api/order/new - POST METHOD  
Jan-18-2023 12:26:50 [info] http://localhost:3000/api/order/new - POST METHOD  
Jan-18-2023 12:28:55 [info] http://localhost:3000/api/order/new - POST METHOD  
Jan-18-2023 12:39:46 [info] http://localhost:3000/api/user/signup - POST METHOD  
Jan-18-2023 12:39:47 [error] 500 - transient_user validation failed: otpHash: Path `otpHash` is required. 
Jan-18-2023 12:40:37 [info] http://localhost:3000/api/user/signup/verify - POST METHOD  
Jan-18-2023 12:40:51 [info] http://localhost:3000/api/user/signup/verify - POST METHOD  
Jan-18-2023 12:41:15 [info] http://localhost:3000/api/user/signup - POST METHOD  
Jan-18-2023 12:41:15 [error] 500 - transient_user validation failed: otpHash: Path `otpHash` is required. 
Jan-18-2023 12:44:37 [info] http://localhost:3000/api/user/signup - POST METHOD  
Jan-18-2023 12:44:46 [info] http://localhost:3000/api/user/signup - POST METHOD  
Jan-18-2023 12:44:52 [info] http://localhost:3000/api/user/signup - POST METHOD  
Jan-18-2023 12:44:59 [info] http://localhost:3000/api/user/signup - POST METHOD  
Jan-18-2023 12:44:59 [error] 500 - transient_user validation failed: otpHash: Path `otpHash` is required. 
Jan-18-2023 12:47:21 [info] http://localhost:3000/api/user/signup/verify - GET METHOD  
Jan-18-2023 12:47:36 [info] http://localhost:3000/api/user/signup/verify - POST METHOD  
Jan-18-2023 12:47:41 [info] http://localhost:3000/api/user/signup/verify - POST METHOD  
Jan-18-2023 12:47:43 [info] http://localhost:3000/api/user/signup/verify - POST METHOD  
Jan-18-2023 12:49:56 [info] http://localhost:3000/api/order/new - POST METHOD  
Jan-18-2023 12:50:48 [info] http://localhost:3000/api/order/new - POST METHOD  
Jan-18-2023 12:57:14 [info] http://localhost:3000/api/user/signin - POST METHOD  
Jan-18-2023 12:57:44 [info] http://localhost:3000/api/order/new - GET METHOD  
Jan-18-2023 13:01:02 [info] http://localhost:3000/api/order/new - POST METHOD  
Jan-18-2023 13:04:43 [info] http://localhost:3000/api/order/new - POST METHOD  
Jan-18-2023 13:05:42 [info] http://localhost:3000/api/order/new - POST METHOD  
Jan-18-2023 13:08:47 [info] http://localhost:3000/api/order/new - POST METHOD  
Jan-18-2023 13:08:52 [info] http://localhost:3000/api/order/new - POST METHOD  
Jan-18-2023 13:11:07 [info] http://localhost:3000/api/order/new - POST METHOD  
Jan-18-2023 13:12:57 [info] http://localhost:3000/api/order/new - POST METHOD  
Jan-18-2023 13:13:22 [info] http://localhost:3000/api/order/new - POST METHOD  
Jan-18-2023 13:13:28 [info] http://localhost:3000/api/order/new - POST METHOD  
Jan-18-2023 13:15:39 [info] http://localhost:3000/api/order/allorders - GET METHOD  
Jan-18-2023 13:16:58 [info] http://localhost:3000/api/order/allorders - GET METHOD  
Jan-18-2023 13:18:28 [info] http://localhost:3000/api/order/me - GET METHOD  
Jan-18-2023 13:19:03 [info] http://localhost:3000/api/order/allorders - GET METHOD  
Jan-18-2023 13:19:22 [info] http://localhost:3000/api/order/allorders - GET METHOD  
Jan-18-2023 13:19:30 [info] http://localhost:3000/api/order/allorders - GET METHOD  
Jan-18-2023 13:21:10 [info] http://localhost:3000/api/order/allorders - GET METHOD  
Jan-18-2023 13:23:09 [info] http://localhost:3000/api/order/allorders - GET METHOD  
Jan-18-2023 13:24:21 [info] http://localhost:3000/api/order/allorders - GET METHOD  
Jan-18-2023 13:26:03 [info] http://localhost:3000/api/order/allorders - GET METHOD  
Jan-18-2023 13:26:33 [info] http://localhost:3000/api/order/me - GET METHOD  
Jan-18-2023 13:30:28 [info] http://localhost:3000/api/order/me - GET METHOD  
Jan-18-2023 13:31:29 [info] http://localhost:3000/api/order/me - GET METHOD  
Jan-18-2023 13:38:22 [info] http://localhost:3000/api/order/single/63c78465da91267f01d536c7 - GET METHOD  
Jan-18-2023 13:38:48 [info] http://localhost:3000/api/order/single/63c78465da91267f01d536c7 - GET METHOD  
Jan-18-2023 13:43:41 [info] http://localhost:3000/api/order/delete/63c78465da91267f01d536c7 - GET METHOD  
Jan-18-2023 13:43:51 [info] http://localhost:3000/api/order/delete/63c78465da91267f01d536c7 - DELETE METHOD  
Jan-18-2023 13:44:09 [info] http://localhost:3000/api/order/delete/63c78465da91267f01d536c7 - DELETE METHOD  
Jan-18-2023 13:44:22 [info] http://localhost:3000/api/order/single/63c78465da91267f01d536c7 - GET METHOD  
Jan-18-2023 13:44:55 [info] http://localhost:3000/api/order/delete/63c78465da91267f01d536c7 - DELETE METHOD  
Jan-18-2023 13:45:18 [info] http://localhost:3000/api/order/delete/63c78465da91267f01d536c7 - DELETE METHOD  
Jan-18-2023 13:45:33 [info] http://localhost:3000/api/order/delete/63c78465da91267f01d536c7 - DELETE METHOD  
Jan-18-2023 13:46:27 [info] http://localhost:3000/api/order/new - POST METHOD  
Jan-18-2023 13:46:39 [info] http://localhost:3000/api/order/new - POST METHOD  
Jan-18-2023 13:46:53 [info] http://localhost:3000/api/order/allorders - GET METHOD  
Jan-18-2023 13:47:25 [info] http://localhost:3000/api/order/me - GET METHOD  
Jan-18-2023 13:47:44 [info] http://localhost:3000/api/order/single/63c7a3012f815e28e319216d - GET METHOD  
Jan-18-2023 13:47:57 [info] http://localhost:3000/api/order/delete/63c78465da91267f01d536c7 - DELETE METHOD  
Jan-18-2023 13:48:11 [info] http://localhost:3000/api/order/delete/63c7a3012f815e28e319216d - DELETE METHOD  
